<?xml version="1.0" encoding="UTF-8"?>
<!-- Generated by org.testng.reporters.JUnitReportReporter -->
<testsuite skipped="0" hostname="LAPTOP-LDQFS899" name="com.crm.Vtiger.CreatePurchaseorderTest" tests="2" failures="0" timestamp="2022-03-28T12:48:19 IST" time="0.013" errors="0">
  <testcase name="open1" time="0.001" classname="com.crm.Vtiger.CreatePurchaseorderTest"/>
  <system-out/>
  <testcase name="open" time="0.012" classname="com.crm.Vtiger.CreatePurchaseorderTest"/>
  <system-out/>
</testsuite> <!-- com.crm.Vtiger.CreatePurchaseorderTest -->
