<?xml version="1.0" encoding="UTF-8"?>
<!-- Generated by org.testng.reporters.JUnitReportReporter -->
<testsuite skipped="0" hostname="LAPTOP-LDQFS899" name="com.crm.Vtiger.LoginTest" tests="1" failures="0" timestamp="2022-03-28T15:16:12 IST" time="11.355" errors="0">
  <testcase name="getdata" time="11.355" classname="com.crm.Vtiger.LoginTest"/>
  <system-out/>
</testsuite> <!-- com.crm.Vtiger.LoginTest -->
