<?xml version="1.0" encoding="UTF-8"?>
<!-- Generated by org.testng.reporters.JUnitReportReporter -->
<testsuite skipped="0" hostname="LAPTOP-LDQFS899" name="com.crm.Vtiger.ParameterTest" tests="1" failures="0" timestamp="2022-03-23T12:42:14 IST" time="0.012" errors="0">
  <testcase name="parameterValue" time="0.012" classname="com.crm.Vtiger.ParameterTest"/>
  <system-out/>
</testsuite> <!-- com.crm.Vtiger.ParameterTest -->
