<?xml version="1.0" encoding="UTF-8"?>
<!-- Generated by org.testng.reporters.JUnitReportReporter -->
<testsuite skipped="0" hostname="LAPTOP-LDQFS899" name="com.crm.Vtiger.CreateCampaignTest" tests="1" failures="0" timestamp="2022-03-28T12:47:36 IST" time="0.027" errors="0">
  <testcase name="open" time="0.027" classname="com.crm.Vtiger.CreateCampaignTest"/>
  <system-out/>
</testsuite> <!-- com.crm.Vtiger.CreateCampaignTest -->
