<?xml version="1.0" encoding="UTF-8"?>
<!-- Generated by org.testng.reporters.JUnitReportReporter -->
<testsuite hostname="LAPTOP-LDQFS899" failures="0" tests="1" name="com.crm.Vtiger.CreatePurchaseorderTest" time="0.013" errors="0" timestamp="2022-03-22T19:01:59 IST" skipped="0">
  <testcase classname="com.crm.Vtiger.CreatePurchaseorderTest" name="open" time="0.013"/>
  <system-out/>
</testsuite> <!-- com.crm.Vtiger.CreatePurchaseorderTest -->
