<?xml version="1.0" encoding="UTF-8"?>
<!-- Generated by org.testng.reporters.JUnitReportReporter -->
<testsuite skipped="0" hostname="LAPTOP-LDQFS899" name="com.crm.Vtiger.CreateOrganizationTest" tests="1" failures="0" timestamp="2022-03-23T00:03:47 IST" time="0.023" errors="0">
  <testcase name="create" time="0.023" classname="com.crm.Vtiger.CreateOrganizationTest"/>
  <system-out/>
</testsuite> <!-- com.crm.Vtiger.CreateOrganizationTest -->
