<?xml version="1.0" encoding="UTF-8"?>
<!-- Generated by org.testng.reporters.JUnitReportReporter -->
<testsuite skipped="0" hostname="LAPTOP-LDQFS899" name="com.crm.Vtiger.CreateContactTest" tests="1" failures="0" timestamp="2022-03-28T12:47:49 IST" time="0.022" errors="0">
  <testcase name="create" time="0.022" classname="com.crm.Vtiger.CreateContactTest"/>
  <system-out/>
</testsuite> <!-- com.crm.Vtiger.CreateContactTest -->
